/var/lib/slurm/slurmd/job302104/slurm_script: line 16: module: command not found
usage: snakemake [-h] [--dry-run] [--profile PROFILE]
                 [--workflow-profile WORKFLOW_PROFILE] [--cache [RULE ...]]
                 [--snakefile FILE] [--cores N] [--jobs N] [--local-cores N]
                 [--resources NAME=INT [NAME=INT ...]]
                 [--set-threads RULE=THREADS [RULE=THREADS ...]]
                 [--max-threads MAX_THREADS]
                 [--set-resources RULE:RESOURCE=VALUE [RULE:RESOURCE=VALUE ...]]
                 [--set-scatter NAME=SCATTERITEMS [NAME=SCATTERITEMS ...]]
                 [--set-resource-scopes RESOURCE=[global|local]
                 [RESOURCE=[global|local] ...]]
                 [--default-resources [NAME=INT ...]]
                 [--preemptible-rules [PREEMPTIBLE_RULES ...]]
                 [--preemptible-retries PREEMPTIBLE_RETRIES]
                 [--configfile FILE [FILE ...]] [--config [KEY=VALUE ...]]
                 [--replace-workflow-config] [--envvars VARNAME [VARNAME ...]]
                 [--directory DIR] [--touch] [--keep-going]
                 [--rerun-triggers {code,input,mtime,params,software-env} [{code,input,mtime,params,software-env} ...]]
                 [--force] [--executor {local,dryrun,touch}] [--forceall]
                 [--forcerun [TARGET ...]]
                 [--consider-ancient RULE=INPUTITEMS [RULE=INPUTITEMS ...]]
                 [--prioritize TARGET [TARGET ...]]
                 [--batch RULE=BATCH/BATCHES] [--until TARGET [TARGET ...]]
                 [--omit-from TARGET [TARGET ...]] [--rerun-incomplete]
                 [--shadow-prefix DIR]
                 [--strict-dag-evaluation {cyclic-graph,functions,periodic-wildcards} [{cyclic-graph,functions,periodic-wildcards} ...]]
                 [--scheduler [{ilp,greedy}]]
                 [--scheduler-ilp-solver {COIN_CMD}]
                 [--conda-base-path CONDA_BASE_PATH] [--no-subworkflows]
                 [--precommand PRECOMMAND] [--groups GROUPS [GROUPS ...]]
                 [--group-components GROUP_COMPONENTS [GROUP_COMPONENTS ...]]
                 [--report [FILE]] [--report-after-run]
                 [--report-stylesheet CSSFILE] [--reporter PLUGIN]
                 [--draft-notebook TARGET] [--edit-notebook TARGET]
                 [--notebook-listen IP:PORT] [--lint [{text,json}]]
                 [--generate-unit-tests [TESTPATH]] [--containerize]
                 [--export-cwl FILE] [--list-rules] [--list-target-rules]
                 [--dag [{dot,mermaid-js}]] [--rulegraph [{dot,mermaid-js}]]
                 [--filegraph] [--d3dag] [--summary] [--detailed-summary]
                 [--archive FILE] [--cleanup-metadata FILE [FILE ...]]
                 [--cleanup-shadow] [--skip-script-cleanup] [--unlock]
                 [--list-changes {input,params,code}] [--list-input-changes]
                 [--list-params-changes] [--list-untracked]
                 [--delete-all-output | --delete-temp-output]
                 [--keep-incomplete] [--drop-metadata] [--version]
                 [--printshellcmds] [--debug-dag] [--nocolor]
                 [--quiet [{all,host,progress,reason,rules} ...]]
                 [--print-compilation] [--verbose] [--force-use-threads]
                 [--allow-ambiguity] [--nolock] [--ignore-incomplete]
                 [--max-inventory-time SECONDS] [--trust-io-cache]
                 [--max-checksum-file-size SIZE] [--latency-wait SECONDS]
                 [--wait-for-free-local-storage WAIT_FOR_FREE_LOCAL_STORAGE]
                 [--wait-for-files [FILE ...]] [--wait-for-files-file FILE]
                 [--queue-input-wait-time SECONDS]
                 [--omit-flags OMIT_FLAGS [OMIT_FLAGS ...]] [--notemp]
                 [--all-temp] [--unneeded-temp-files FILE [FILE ...]]
                 [--keep-storage-local-copies] [--not-retrieve-storage]
                 [--target-files-omit-workdir-adjustment]
                 [--allowed-rules ALLOWED_RULES [ALLOWED_RULES ...]]
                 [--max-jobs-per-timespan MAX_JOBS_PER_TIMESPAN]
                 [--max-jobs-per-second MAX_JOBS_PER_SECOND]
                 [--max-status-checks-per-second MAX_STATUS_CHECKS_PER_SECOND]
                 [--seconds-between-status-checks SECONDS_BETWEEN_STATUS_CHECKS]
                 [--retries RETRIES] [--wrapper-prefix WRAPPER_PREFIX]
                 [--default-storage-provider DEFAULT_STORAGE_PROVIDER]
                 [--default-storage-prefix DEFAULT_STORAGE_PREFIX]
                 [--local-storage-prefix LOCAL_STORAGE_PREFIX]
                 [--remote-job-local-storage-prefix REMOTE_JOB_LOCAL_STORAGE_PREFIX]
                 [--shared-fs-usage {input-output,persistence,software-deployment,source-cache,sources,storage-local-copies,none} [{input-output,persistence,software-deployment,source-cache,sources,storage-local-copies,none} ...]]
                 [--scheduler-greediness SCHEDULER_GREEDINESS]
                 [--scheduler-subsample SCHEDULER_SUBSAMPLE] [--no-hooks]
                 [--debug] [--runtime-profile FILE]
                 [--local-groupid LOCAL_GROUPID] [--attempt ATTEMPT]
                 [--show-failed-logs] [--logger {} [{} ...]]
                 [--job-deploy-sources] [--benchmark-extended]
                 [--container-image IMAGE] [--immediate-submit]
                 [--jobscript SCRIPT] [--jobname NAME] [--flux]
                 [--software-deployment-method {apptainer,conda,env-modules} [{apptainer,conda,env-modules} ...]]
                 [--container-cleanup-images] [--use-conda]
                 [--conda-not-block-search-path-envvars] [--list-conda-envs]
                 [--conda-prefix DIR] [--conda-cleanup-envs]
                 [--conda-cleanup-pkgs [{tarballs,cache}]]
                 [--conda-create-envs-only] [--conda-frontend {conda,mamba}]
                 [--use-apptainer] [--apptainer-prefix DIR]
                 [--apptainer-args ARGS] [--use-envmodules]
                 [--scheduler-solver-path SCHEDULER_SOLVER_PATH]
                 [--deploy-sources QUERY CHECKSUM]
                 [--target-jobs TARGET_JOBS [TARGET_JOBS ...]]
                 [--mode {default,remote,subprocess}]
                 [--report-html-path VALUE]
                 [--report-html-stylesheet-path VALUE]
                 [targets ...]
snakemake: error: unrecognized arguments: --cluster
